<?xml version="1.0" encoding="UTF-8"?>
<!-- Generated by org.testng.reporters.JUnitReportReporter -->
<testsuite hostname="ISIPLMUMLP219" failures="0" tests="4" name="RestAssuredProjectDemo.RestAssuredProjectDemo.TestNG_Demo" time="6.345" errors="0" timestamp="2023-03-03T18:27:13 IST" skipped="0">
  <testcase classname="RestAssuredProjectDemo.RestAssuredProjectDemo.TestNG_Demo" name="updateUser" time="0.397"/>
  <system-out/>
  <testcase classname="RestAssuredProjectDemo.RestAssuredProjectDemo.TestNG_Demo" name="userDelete" time="0.440"/>
  <system-out/>
  <testcase classname="RestAssuredProjectDemo.RestAssuredProjectDemo.TestNG_Demo" name="getUser" time="0.262"/>
  <system-out/>
  <testcase classname="RestAssuredProjectDemo.RestAssuredProjectDemo.TestNG_Demo" name="createUser" time="5.246"/>
  <system-out/>
</testsuite> <!-- RestAssuredProjectDemo.RestAssuredProjectDemo.TestNG_Demo -->
