<?xml version="1.0" encoding="UTF-8"?>
<!-- Generated by org.testng.reporters.JUnitReportReporter -->
<testsuite hostname="ISIPLMUMLP219" failures="0" tests="2" name="RestAssuredProjectDemo.RestAssuredProjectDemo.PetStoreDemo" time="5.641" errors="0" timestamp="2023-03-04T09:25:38 IST" skipped="0">
  <testcase classname="RestAssuredProjectDemo.RestAssuredProjectDemo.PetStoreDemo" name="createPet" time="3.531"/>
  <system-out/>
  <testcase classname="RestAssuredProjectDemo.RestAssuredProjectDemo.PetStoreDemo" name="getPet" time="2.110"/>
  <system-out/>
</testsuite> <!-- RestAssuredProjectDemo.RestAssuredProjectDemo.PetStoreDemo -->
