<?xml version="1.0" encoding="UTF-8"?>
<!-- Generated by org.testng.reporters.JUnitReportReporter -->
<testsuite hostname="ISIPLMUMLP219" failures="0" tests="1" name="RestAssuredProjectDemo.RestAssuredProjectDemo.TestNG_Demo_day2" time="2.125" errors="0" timestamp="2023-03-03T19:27:50 IST" skipped="0">
  <testcase classname="RestAssuredProjectDemo.RestAssuredProjectDemo.TestNG_Demo_day2" name="usingHashMap" time="2.125"/>
  <system-out/>
</testsuite> <!-- RestAssuredProjectDemo.RestAssuredProjectDemo.TestNG_Demo_day2 -->
